<?xml version="1.0" encoding="UTF-8"?>
<testng-results ignored="0" total="1" passed="1" failed="0" skipped="0">
  <reporter-output>
  </reporter-output>
  <suite started-at="2023-03-13T20:59:36Z" name="Suite" finished-at="2023-03-13T20:59:46Z" duration-ms="9886">
    <groups>
    </groups>
    <test started-at="2023-03-13T20:59:36Z" name="Test" finished-at="2023-03-13T20:59:46Z" duration-ms="9886">
      <class name="ADO_SamplePipeline.ADO_SamplePipeline.TestNG_Class">
        <test-method is-config="true" signature="beforeMethod()[pri:0, instance:ADO_SamplePipeline.ADO_SamplePipeline.TestNG_Class@2b30a42c]" started-at="2023-03-13T20:59:36Z" name="beforeMethod" finished-at="2023-03-13T20:59:37Z" duration-ms="983" status="PASS">
          <reporter-output>
          </reporter-output>
        </test-method> <!-- beforeMethod -->
        <test-method signature="VerifyTitle()[pri:0, instance:ADO_SamplePipeline.ADO_SamplePipeline.TestNG_Class@2b30a42c]" started-at="2023-03-13T20:59:37Z" name="VerifyTitle" finished-at="2023-03-13T20:59:45Z" duration-ms="8800" status="PASS">
          <reporter-output>
          </reporter-output>
        </test-method> <!-- VerifyTitle -->
        <test-method is-config="true" signature="afterMethod()[pri:0, instance:ADO_SamplePipeline.ADO_SamplePipeline.TestNG_Class@2b30a42c]" started-at="2023-03-13T20:59:45Z" name="afterMethod" finished-at="2023-03-13T20:59:46Z" duration-ms="88" status="PASS">
          <reporter-output>
          </reporter-output>
        </test-method> <!-- afterMethod -->
      </class> <!-- ADO_SamplePipeline.ADO_SamplePipeline.TestNG_Class -->
    </test> <!-- Test -->
  </suite> <!-- Suite -->
</testng-results>
